<?xml version="1.0" encoding="UTF-8"?>
<!-- Generated by org.testng.reporters.JUnitReportReporter -->
<testsuite hostname="DESKTOP-328Q08A" failures="0" tests="1" name="workingwithtable.WorkingWithTable" time="1.819" errors="0" timestamp="2022-12-02T14:23:15 EET" skipped="0">
  <testcase classname="workingwithtable.WorkingWithTable" name="testtable" time="1.819"/>
  <system-out/>
</testsuite> <!-- workingwithtable.WorkingWithTable -->
