<?xml version="1.0" encoding="UTF-8"?>
<!-- Generated by org.testng.reporters.JUnitReportReporter -->
<testsuite hostname="DESKTOP-328Q08A" failures="0" tests="1" name="testimplicitwait.TestImplicitWait" time="0.423" errors="0" timestamp="2022-12-10T09:32:34 EET" skipped="0">
  <testcase classname="testimplicitwait.TestImplicitWait" name="testimplicitwait" time="0.423"/>
  <system-out/>
</testsuite> <!-- testimplicitwait.TestImplicitWait -->
