<?xml version="1.0" encoding="UTF-8"?>
<!-- Generated by org.testng.reporters.JUnitReportReporter -->
<testsuite hostname="DESKTOP-328Q08A" failures="0" tests="2" name="workingwithelements.WorkingWithTextBoxGoogle" time="9.250" errors="0" timestamp="2022-11-25T19:53:11 EET" skipped="0">
  <testcase classname="workingwithelements.WorkingWithTextBoxGoogle" name="typeinsearchtxt" time="2.990"/>
  <system-out/>
  <testcase classname="workingwithelements.WorkingWithTextBoxGoogle" name="addanothertext" time="6.260"/>
  <system-out/>
</testsuite> <!-- workingwithelements.WorkingWithTextBoxGoogle -->
