<?xml version="1.0" encoding="UTF-8"?>
<!-- Generated by org.testng.reporters.JUnitReportReporter -->
<testsuite hostname="DESKTOP-328Q08A" failures="0" tests="1" name="workingwithjavascriptalert.WorkingWithJavaScriptAlert" time="3.278" errors="0" timestamp="2022-12-02T18:56:28 EET" skipped="0">
  <testcase classname="workingwithjavascriptalert.WorkingWithJavaScriptAlert" name="testAlert" time="3.278"/>
  <system-out/>
</testsuite> <!-- workingwithjavascriptalert.WorkingWithJavaScriptAlert -->
