<?xml version="1.0" encoding="UTF-8"?>
<!-- Generated by org.testng.reporters.JUnitReportReporter -->
<testsuite hostname="DESKTOP-328Q08A" failures="0" tests="1" name="doubleclick.DoubleClickWithActions" time="3.394" errors="0" timestamp="2022-12-02T18:24:52 EET" skipped="0">
  <testcase classname="doubleclick.DoubleClickWithActions" name="testdoubleclick" time="3.394"/>
  <system-out/>
</testsuite> <!-- doubleclick.DoubleClickWithActions -->
