<?xml version="1.0" encoding="UTF-8"?>
<!-- Generated by org.testng.reporters.JUnitReportReporter -->
<testsuite hostname="DESKTOP-328Q08A" failures="0" tests="1" name="testfluentwait.Testfluentwait" time="0.879" errors="0" timestamp="2022-12-10T09:38:46 EET" skipped="0">
  <testcase classname="testfluentwait.Testfluentwait" name="testexplicitwait" time="0.879"/>
  <system-out/>
</testsuite> <!-- testfluentwait.Testfluentwait -->
