<?xml version="1.0" encoding="UTF-8"?>
<!-- Generated by org.testng.reporters.JUnitReportReporter -->
<testsuite hostname="DESKTOP-328Q08A" failures="0" tests="2" name="testmulitplewindows.TestMultipleWindows" time="1.199" errors="0" timestamp="2022-12-09T21:27:58 EET" skipped="0">
  <testcase classname="testmulitplewindows.TestMultipleWindows" name="testwindowname" time="0.683"/>
  <system-out/>
  <testcase classname="testmulitplewindows.TestMultipleWindows" name="testhelpwindow" time="0.516"/>
  <system-out/>
</testsuite> <!-- testmulitplewindows.TestMultipleWindows -->
