<?xml version="1.0" encoding="UTF-8"?>
<!-- Generated by org.testng.reporters.JUnitReportReporter -->
<testsuite hostname="DESKTOP-328Q08A" failures="0" tests="1" name="darganddropactions.DragandDrop" time="3.591" errors="0" timestamp="2022-12-02T15:29:25 EET" skipped="0">
  <testcase classname="darganddropactions.DragandDrop" name="testdraganddrop" time="3.591"/>
  <system-out/>
</testsuite> <!-- darganddropactions.DragandDrop -->
