<?xml version="1.0" encoding="UTF-8"?>
<!-- Generated by org.testng.reporters.JUnitReportReporter -->
<testsuite hostname="DESKTOP-328Q08A" failures="0" tests="1" name="assertion.Assertion" time="0.064" errors="0" timestamp="2022-12-02T09:46:35 EET" skipped="0">
  <testcase classname="assertion.Assertion" name="testassertion" time="0.064"/>
  <system-out/>
</testsuite> <!-- assertion.Assertion -->
