<?xml version="1.0" encoding="UTF-8"?>
<!-- Generated by org.testng.reporters.JUnitReportReporter -->
<testsuite hostname="DESKTOP-328Q08A" failures="0" tests="1" name="workingwithdropdownlist.WorkingWithDropDownList" time="2.165" errors="0" timestamp="2022-12-02T09:03:36 EET" skipped="0">
  <testcase classname="workingwithdropdownlist.WorkingWithDropDownList" name="testdropdownlist" time="2.165"/>
  <system-out/>
</testsuite> <!-- workingwithdropdownlist.WorkingWithDropDownList -->
