<?xml version="1.0" encoding="UTF-8"?>
<!-- Generated by org.testng.reporters.JUnitReportReporter -->
<testsuite hostname="DESKTOP-328Q08A" failures="0" tests="1" name="workingwithprompetalert.WorkingWithAlertPrompet" time="8.216" errors="0" timestamp="2022-12-02T21:41:19 EET" skipped="0">
  <testcase classname="workingwithprompetalert.WorkingWithAlertPrompet" name="testprompetbox" time="8.216"/>
  <system-out/>
</testsuite> <!-- workingwithprompetalert.WorkingWithAlertPrompet -->
