<?xml version="1.0" encoding="UTF-8"?>
<!-- Generated by org.testng.reporters.JUnitReportReporter -->
<testsuite hostname="DESKTOP-328Q08A" failures="0" tests="1" name="workingwithelements.WorkingWithTextBoxAndButton" time="1.455" errors="0" timestamp="2022-11-25T19:02:40 EET" skipped="0">
  <testcase classname="workingwithelements.WorkingWithTextBoxAndButton" name="loginscreen" time="1.455"/>
  <system-out/>
</testsuite> <!-- workingwithelements.WorkingWithTextBoxAndButton -->
