<?xml version="1.0" encoding="UTF-8"?>
<!-- Generated by org.testng.reporters.JUnitReportReporter -->
<testsuite hostname="DESKTOP-328Q08A" failures="0" tests="2" name="selenium.test.TestNGDemo2" time="0.048" errors="0" timestamp="2022-11-19T09:30:42 EET" skipped="0">
  <testcase classname="selenium.test.TestNGDemo2" name="getcurrenturl" time="0.029"/>
  <system-out/>
  <testcase classname="selenium.test.TestNGDemo2" name="gettitle" time="0.019"/>
  <system-out/>
</testsuite> <!-- selenium.test.TestNGDemo2 -->
