<?xml version="1.0" encoding="UTF-8"?>
<!-- Generated by org.testng.reporters.JUnitReportReporter -->
<testsuite hostname="DESKTOP-328Q08A" failures="0" tests="1" name="testexplicitwait.TestExplicitWait" time="6.485" errors="0" timestamp="2022-12-10T08:20:35 EET" skipped="0">
  <testcase classname="testexplicitwait.TestExplicitWait" name="testexplicitwait" time="6.485"/>
  <system-out/>
</testsuite> <!-- testexplicitwait.TestExplicitWait -->
