<?xml version="1.0" encoding="UTF-8"?>
<!-- Generated by org.testng.reporters.JUnitReportReporter -->
<testsuite hostname="DESKTOP-328Q08A" failures="0" tests="2" name="selenium.test.TestNGDemo" time="0.014" errors="0" timestamp="2022-12-03T14:59:26 EET" skipped="0">
  <testcase classname="selenium.test.TestNGDemo" name="userbuythings" time="0.002"/>
  <system-out/>
  <testcase classname="selenium.test.TestNGDemo" name="loginuser" time="0.012"/>
  <system-out/>
</testsuite> <!-- selenium.test.TestNGDemo -->
