<?xml version="1.0" encoding="UTF-8"?>
<!-- Generated by org.testng.reporters.JUnitReportReporter -->
<testsuite hostname="DESKTOP-328Q08A" failures="0" tests="1" name="findelement.FindElementByLinktext" time="0.128" errors="0" timestamp="2022-11-25T13:16:37 EET" skipped="0">
  <testcase classname="findelement.FindElementByLinktext" name="findelementbylinktext" time="0.128"/>
  <system-out/>
</testsuite> <!-- findelement.FindElementByLinktext -->
