<?xml version="1.0" encoding="UTF-8"?>
<!-- Generated by org.testng.reporters.JUnitReportReporter -->
<testsuite hostname="DESKTOP-328Q08A" failures="0" tests="2" name="workingwithconfirmalert.WorkingWithConfirmAlert" time="8.319" errors="0" timestamp="2022-12-02T22:20:25 EET" skipped="0">
  <testcase classname="workingwithconfirmalert.WorkingWithConfirmAlert" name="testdismissconfirmalert" time="4.124"/>
  <system-out/>
  <testcase classname="workingwithconfirmalert.WorkingWithConfirmAlert" name="testconfirmalert" time="4.195"/>
  <system-out/>
</testsuite> <!-- workingwithconfirmalert.WorkingWithConfirmAlert -->
