<?xml version="1.0" encoding="UTF-8"?>
<!-- Generated by org.testng.reporters.JUnitReportReporter -->
<testsuite hostname="DESKTOP-328Q08A" failures="0" tests="2" name="workingwithcheckboxandradiobutton.CheckBoxandRadioButton" time="0.323" errors="0" timestamp="2022-12-02T11:17:49 EET" skipped="0">
  <testcase classname="workingwithcheckboxandradiobutton.CheckBoxandRadioButton" name="checkboxcase" time="0.164"/>
  <system-out/>
  <testcase classname="workingwithcheckboxandradiobutton.CheckBoxandRadioButton" name="checkradio_button" time="0.159"/>
  <system-out/>
</testsuite> <!-- workingwithcheckboxandradiobutton.CheckBoxandRadioButton -->
