<?xml version="1.0" encoding="UTF-8"?>
<!-- Generated by org.testng.reporters.JUnitReportReporter -->
<testsuite hostname="DESKTOP-328Q08A" failures="0" tests="2" name="automationpdfpractise.GetText" time="0.284" errors="0" timestamp="2022-12-20T11:15:37 EET" skipped="0">
  <testcase classname="automationpdfpractise.GetText" name="takescreen_shot" time="0.159"/>
  <system-out/>
  <testcase classname="automationpdfpractise.GetText" name="check_gmail" time="0.125"/>
  <system-out/>
</testsuite> <!-- automationpdfpractise.GetText -->
