<?xml version="1.0" encoding="UTF-8"?>
<!-- Generated by org.testng.reporters.JUnitReportReporter -->
<testsuite hostname="DESKTOP-328Q08A" failures="0" tests="1" name="vostiatask.Quality_Part" time="16.101" errors="0" timestamp="2023-01-22T13:42:25 EET" skipped="0">
  <testcase classname="vostiatask.Quality_Part" name="text_display" time="16.101"/>
  <system-out/>
</testsuite> <!-- vostiatask.Quality_Part -->
