<?xml version="1.0" encoding="UTF-8"?>
<!-- Generated by org.testng.reporters.JUnitReportReporter -->
<testsuite hostname="DESKTOP-328Q08A" failures="0" tests="3" name="katalondemotraining.Test1" time="43.781" errors="0" timestamp="2023-01-18T20:32:47 EET" skipped="0">
  <testcase classname="katalondemotraining.Test1" name="log_out" time="10.967"/>
  <system-out/>
  <testcase classname="katalondemotraining.Test1" name="make_appointement" time="26.296"/>
  <system-out/>
  <testcase classname="katalondemotraining.Test1" name="login" time="6.518"/>
  <system-out/>
</testsuite> <!-- katalondemotraining.Test1 -->
