<?xml version="1.0" encoding="UTF-8"?>
<!-- Generated by org.testng.reporters.JUnitReportReporter -->
<testsuite hostname="DESKTOP-328Q08A" failures="0" tests="1" name="workingwithjavascriptexecutor.JavaScriptTest" time="0.034" errors="0" timestamp="2022-12-23T15:45:09 EET" skipped="0">
  <testcase classname="workingwithjavascriptexecutor.JavaScriptTest" name="testjava_script" time="0.034"/>
  <system-out/>
</testsuite> <!-- workingwithjavascriptexecutor.JavaScriptTest -->
