<?xml version="1.0" encoding="UTF-8"?>
<!-- Generated by org.testng.reporters.JUnitReportReporter -->
<testsuite hostname="DESKTOP-328Q08A" failures="0" tests="2" name="workingwithcheckboxandradiobutton.CheckBoxandRadioButton" time="3.354" errors="0" timestamp="2022-12-17T15:19:33 EET" skipped="0">
  <testcase classname="workingwithcheckboxandradiobutton.CheckBoxandRadioButton" name="checkradio_button" time="0.174"/>
  <system-out/>
  <testcase classname="workingwithcheckboxandradiobutton.CheckBoxandRadioButton" name="checkboxcase" time="3.180"/>
  <system-out/>
</testsuite> <!-- workingwithcheckboxandradiobutton.CheckBoxandRadioButton -->
