<?xml version="1.0" encoding="UTF-8"?>
<!-- Generated by org.testng.reporters.JUnitReportReporter -->
<testsuite hostname="DESKTOP-328Q08A" failures="0" tests="2" name="practiceproject2.Test_Project_2" time="10.842" errors="0" timestamp="2022-12-17T14:45:03 EET" skipped="0">
  <testcase classname="practiceproject2.Test_Project_2" name="invalidloginwith_invalid_username_and_correctpassword" time="5.410"/>
  <system-out/>
  <testcase classname="practiceproject2.Test_Project_2" name="login_with_invalid_password" time="5.432"/>
  <system-out/>
</testsuite> <!-- practiceproject2.Test_Project_2 -->
