<?xml version="1.0" encoding="UTF-8"?>
<!-- Generated by org.testng.reporters.JUnitReportReporter -->
<testsuite hostname="DESKTOP-328Q08A" failures="0" tests="3" name="orange_hr_project.Login_Test" time="8.035" errors="0" timestamp="2023-01-01T13:04:10 EET" skipped="1">
  <testcase classname="orange_hr_project.Login_Test" name="add_employee" time="4.628"/>
  <system-out/>
  <testcase classname="orange_hr_project.Login_Test" name="login_test" time="3.407"/>
  <system-out/>
  <testcase classname="orange_hr_project.Login_Test" name="log_out">
    <skipped/>
  </testcase> <!-- log_out -->
  <system-out/>
</testsuite> <!-- orange_hr_project.Login_Test -->
