<?xml version="1.0" encoding="UTF-8"?>
<!-- Generated by org.testng.reporters.JUnitReportReporter -->
<testsuite hostname="DESKTOP-328Q08A" failures="0" tests="2" name="practiceproject2.LoginandLogoutExcersice" time="14.392" errors="0" timestamp="2022-12-19T23:26:34 EET" skipped="0">
  <testcase classname="practiceproject2.LoginandLogoutExcersice" name="puchase_item" time="5.964"/>
  <system-out/>
  <testcase classname="practiceproject2.LoginandLogoutExcersice" name="loginandlogout" time="8.428"/>
  <system-out/>
</testsuite> <!-- practiceproject2.LoginandLogoutExcersice -->
