<?xml version="1.0" encoding="UTF-8"?>
<!-- Generated by org.testng.reporters.JUnitReportReporter -->
<testsuite hostname="DESKTOP-328Q08A" failures="0" tests="1" name="automationpdfpractiseFromLinkedin.TakeScreenShotInTheSameProject" time="0.246" errors="0" timestamp="2022-12-20T13:27:40 EET" skipped="0">
  <testcase classname="automationpdfpractiseFromLinkedin.TakeScreenShotInTheSameProject" name="takescreenshot" time="0.246"/>
  <system-out/>
</testsuite> <!-- automationpdfpractiseFromLinkedin.TakeScreenShotInTheSameProject -->
