<?xml version="1.0" encoding="UTF-8"?>
<!-- Generated by org.testng.reporters.JUnitReportReporter -->
<testsuite hostname="DESKTOP-328Q08A" failures="0" tests="1" name="workingwithjavascriptexecutor.Scroll_Down_Scroll_Up" time="3.297" errors="0" timestamp="2022-12-24T15:31:42 EET" skipped="0">
  <testcase classname="workingwithjavascriptexecutor.Scroll_Down_Scroll_Up" name="scroll_down_up" time="3.297"/>
  <system-out/>
</testsuite> <!-- workingwithjavascriptexecutor.Scroll_Down_Scroll_Up -->
