<?xml version="1.0" encoding="UTF-8"?>
<!-- Generated by org.testng.reporters.JUnitReportReporter -->
<testsuite hostname="DESKTOP-328Q08A" failures="0" tests="1" name="com.automation.test.Main_Class" time="11.184" errors="0" timestamp="2023-02-11T13:49:04 EET" skipped="0">
  <testcase classname="com.automation.test.Main_Class" name="verifying_login" time="11.184"/>
  <system-out/>
</testsuite> <!-- com.automation.test.Main_Class -->
