<?xml version="1.0" encoding="UTF-8"?>
<!-- Generated by org.testng.reporters.JUnitReportReporter -->
<testsuite hostname="DESKTOP-328Q08A" failures="0" tests="1" name="workingcontextmenu.Context_Menu" time="3.524" errors="0" timestamp="2022-12-23T18:49:00 EET" skipped="0">
  <testcase classname="workingcontextmenu.Context_Menu" name="test_context_menu" time="3.524"/>
  <system-out/>
</testsuite> <!-- workingcontextmenu.Context_Menu -->
