<?xml version="1.0" encoding="UTF-8"?>
<!-- Generated by org.testng.reporters.JUnitReportReporter -->
<testsuite hostname="DESKTOP-328Q08A" failures="0" tests="1" name="workingwithframe.WorkingWithFrames" time="0.276" errors="0" timestamp="2022-12-23T14:35:57 EET" skipped="0">
  <testcase classname="workingwithframe.WorkingWithFrames" name="testframewithIDOrName" time="0.276"/>
  <system-out/>
</testsuite> <!-- workingwithframe.WorkingWithFrames -->
