<?xml version="1.0" encoding="UTF-8"?>
<!-- Generated by org.testng.reporters.JUnitReportReporter -->
<testsuite hostname="DESKTOP-328Q08A" failures="0" tests="3" name="itworxtask.IT_Worx_Task" time="22.098" errors="0" timestamp="2023-01-17T17:10:24 EET" skipped="0">
  <testcase classname="itworxtask.IT_Worx_Task" name="search_fa" time="4.655"/>
  <system-out/>
  <testcase classname="itworxtask.IT_Worx_Task" name="open_bracelest_page" time="14.162"/>
  <system-out/>
  <testcase classname="itworxtask.IT_Worx_Task" name="add_product_to_cart" time="3.281"/>
  <system-out/>
</testsuite> <!-- itworxtask.IT_Worx_Task -->
